Determining if the pthread_create exist failed with the following output:
Change Dir: /home/raymond/Udacity/Self_Driving_Car/9_Autonomous_Car/github/CarND-Capstone/ros/build/CMakeFiles/CMakeTmp

Run Build Command:"/usr/bin/make" "cmTC_72ae4/fast"
/usr/bin/make -f CMakeFiles/cmTC_72ae4.dir/build.make CMakeFiles/cmTC_72ae4.dir/build
make[1]: Entering directory '/home/raymond/Udacity/Self_Driving_Car/9_Autonomous_Car/github/CarND-Capstone/ros/build/CMakeFiles/CMakeTmp'
Building C object CMakeFiles/cmTC_72ae4.dir/CheckSymbolExists.c.o
/usr/bin/cc    -o CMakeFiles/cmTC_72ae4.dir/CheckSymbolExists.c.o   -c /home/raymond/Udacity/Self_Driving_Car/9_Autonomous_Car/github/CarND-Capstone/ros/build/CMakeFiles/CMakeTmp/CheckSymbolExists.c
Linking C executable cmTC_72ae4
/usr/bin/cmake -E cmake_link_script CMakeFiles/cmTC_72ae4.dir/link.txt --verbose=1
/usr/bin/cc      -rdynamic CMakeFiles/cmTC_72ae4.dir/CheckSymbolExists.c.o  -o cmTC_72ae4 
CMakeFiles/cmTC_72ae4.dir/CheckSymbolExists.c.o: In function `main':
CheckSymbolExists.c:(.text+0x1b): undefined reference to `pthread_create'
collect2: error: ld returned 1 exit status
CMakeFiles/cmTC_72ae4.dir/build.make:97: recipe for target 'cmTC_72ae4' failed
make[1]: *** [cmTC_72ae4] Error 1
make[1]: Leaving directory '/home/raymond/Udacity/Self_Driving_Car/9_Autonomous_Car/github/CarND-Capstone/ros/build/CMakeFiles/CMakeTmp'
Makefile:126: recipe for target 'cmTC_72ae4/fast' failed
make: *** [cmTC_72ae4/fast] Error 2

File /home/raymond/Udacity/Self_Driving_Car/9_Autonomous_Car/github/CarND-Capstone/ros/build/CMakeFiles/CMakeTmp/CheckSymbolExists.c:
/* */
#include <pthread.h>

int main(int argc, char** argv)
{
  (void)argv;
#ifndef pthread_create
  return ((int*)(&pthread_create))[argc];
#else
  (void)argc;
  return 0;
#endif
}

Determining if the function pthread_create exists in the pthreads failed with the following output:
Change Dir: /home/raymond/Udacity/Self_Driving_Car/9_Autonomous_Car/github/CarND-Capstone/ros/build/CMakeFiles/CMakeTmp

Run Build Command:"/usr/bin/make" "cmTC_bc064/fast"
/usr/bin/make -f CMakeFiles/cmTC_bc064.dir/build.make CMakeFiles/cmTC_bc064.dir/build
make[1]: Entering directory '/home/raymond/Udacity/Self_Driving_Car/9_Autonomous_Car/github/CarND-Capstone/ros/build/CMakeFiles/CMakeTmp'
Building C object CMakeFiles/cmTC_bc064.dir/CheckFunctionExists.c.o
/usr/bin/cc   -DCHECK_FUNCTION_EXISTS=pthread_create   -o CMakeFiles/cmTC_bc064.dir/CheckFunctionExists.c.o   -c /usr/share/cmake-3.10/Modules/CheckFunctionExists.c
Linking C executable cmTC_bc064
/usr/bin/cmake -E cmake_link_script CMakeFiles/cmTC_bc064.dir/link.txt --verbose=1
/usr/bin/cc  -DCHECK_FUNCTION_EXISTS=pthread_create    -rdynamic CMakeFiles/cmTC_bc064.dir/CheckFunctionExists.c.o  -o cmTC_bc064 -lpthreads 
/usr/bin/ld: cannot find -lpthreads
collect2: error: ld returned 1 exit status
CMakeFiles/cmTC_bc064.dir/build.make:97: recipe for target 'cmTC_bc064' failed
make[1]: *** [cmTC_bc064] Error 1
make[1]: Leaving directory '/home/raymond/Udacity/Self_Driving_Car/9_Autonomous_Car/github/CarND-Capstone/ros/build/CMakeFiles/CMakeTmp'
Makefile:126: recipe for target 'cmTC_bc064/fast' failed
make: *** [cmTC_bc064/fast] Error 2


